<?xml version="1.0" encoding="UTF-8"?>
<testsuite name="com.jojoldu.book.springboot.dto.HelloResponseDtoTest" tests="1" skipped="0" failures="0" errors="0" timestamp="2021-12-23T03:01:53" hostname="DESKTOP-DAKL37B" time="0.007">
  <properties/>
  <testcase name="롬북기능테스트()" classname="com.jojoldu.book.springboot.dto.HelloResponseDtoTest" time="0.007"/>
  <system-out><![CDATA[]]></system-out>
  <system-err><![CDATA[]]></system-err>
</testsuite>
