<?xml version="1.0" encoding="UTF-8"?>
<testsuite name="com.jojoldu.book.springboot.web.HelloControllerTest" tests="2" skipped="0" failures="0" errors="0" timestamp="2021-12-23T03:01:54" hostname="DESKTOP-DAKL37B" time="0.083">
  <properties/>
  <testcase name="HelloDTO가리턴된다()" classname="com.jojoldu.book.springboot.web.HelloControllerTest" time="0.07"/>
  <testcase name="hello가리턴된다()" classname="com.jojoldu.book.springboot.web.HelloControllerTest" time="0.012"/>
  <system-out><![CDATA[2021-12-23 12:01:53.473  INFO 40380 --- [    Test worker] .b.t.a.w.s.WebMvcTestContextBootstrapper : Neither @ContextConfiguration nor @ContextHierarchy found for test class [com.jojoldu.book.springboot.web.HelloControllerTest], using SpringBootContextLoader
2021-12-23 12:01:53.476  INFO 40380 --- [    Test worker] o.s.t.c.support.AbstractContextLoader    : Could not detect default resource locations for test class [com.jojoldu.book.springboot.web.HelloControllerTest]: no resource found for suffixes {-context.xml, Context.groovy}.
2021-12-23 12:01:53.476  INFO 40380 --- [    Test worker] t.c.s.AnnotationConfigContextLoaderUtils : Could not detect default configuration classes for test class [com.jojoldu.book.springboot.web.HelloControllerTest]: HelloControllerTest does not declare any static, non-private, non-final, nested classes annotated with @Configuration.
2021-12-23 12:01:53.502  INFO 40380 --- [    Test worker] .b.t.c.SpringBootTestContextBootstrapper : Found @SpringBootConfiguration com.jojoldu.book.springboot.Application for test class com.jojoldu.book.springboot.web.HelloControllerTest
2021-12-23 12:01:53.504  INFO 40380 --- [    Test worker] .b.t.a.w.s.WebMvcTestContextBootstrapper : Loaded default TestExecutionListener class names from location [META-INF/spring.factories]: [org.springframework.security.test.context.support.WithSecurityContextTestExecutionListener, org.springframework.security.test.context.support.ReactorContextTestExecutionListener, org.springframework.boot.test.autoconfigure.restdocs.RestDocsTestExecutionListener, org.springframework.boot.test.autoconfigure.web.client.MockRestServiceServerResetTestExecutionListener, org.springframework.boot.test.autoconfigure.web.servlet.MockMvcPrintOnlyOnFailureTestExecutionListener, org.springframework.boot.test.autoconfigure.web.servlet.WebDriverTestExecutionListener, org.springframework.boot.test.autoconfigure.webservices.client.MockWebServiceServerTestExecutionListener, org.springframework.boot.test.mock.mockito.MockitoTestExecutionListener, org.springframework.boot.test.mock.mockito.ResetMocksTestExecutionListener, org.springframework.test.context.web.ServletTestExecutionListener, org.springframework.test.context.support.DirtiesContextBeforeModesTestExecutionListener, org.springframework.test.context.support.DependencyInjectionTestExecutionListener, org.springframework.test.context.support.DirtiesContextTestExecutionListener, org.springframework.test.context.transaction.TransactionalTestExecutionListener, org.springframework.test.context.jdbc.SqlScriptsTestExecutionListener, org.springframework.test.context.event.EventPublishingTestExecutionListener]
2021-12-23 12:01:53.506  INFO 40380 --- [    Test worker] .b.t.a.w.s.WebMvcTestContextBootstrapper : Using TestExecutionListeners: [org.springframework.test.context.web.ServletTestExecutionListener@758a9faa, org.springframework.test.context.support.DirtiesContextBeforeModesTestExecutionListener@77433815, org.springframework.boot.test.mock.mockito.MockitoTestExecutionListener@1d20d1c7, org.springframework.boot.test.autoconfigure.SpringBootDependencyInjectionTestExecutionListener@677bf8ec, org.springframework.test.context.support.DirtiesContextTestExecutionListener@46ad5c66, org.springframework.test.context.transaction.TransactionalTestExecutionListener@28c04736, org.springframework.test.context.jdbc.SqlScriptsTestExecutionListener@33f51500, org.springframework.security.test.context.support.WithSecurityContextTestExecutionListener@b71370a, org.springframework.test.context.event.EventPublishingTestExecutionListener@2713146e, org.springframework.security.test.context.support.ReactorContextTestExecutionListener@d401e4d, org.springframework.boot.test.autoconfigure.restdocs.RestDocsTestExecutionListener@168647f0, org.springframework.boot.test.autoconfigure.web.client.MockRestServiceServerResetTestExecutionListener@14cdeb4d, org.springframework.boot.test.autoconfigure.web.servlet.MockMvcPrintOnlyOnFailureTestExecutionListener@2bc22dde, org.springframework.boot.test.autoconfigure.web.servlet.WebDriverTestExecutionListener@26fdec9d, org.springframework.boot.test.autoconfigure.webservices.client.MockWebServiceServerTestExecutionListener@2608675, org.springframework.boot.test.mock.mockito.ResetMocksTestExecutionListener@790c82f7]

  .   ____          _            __ _ _
 /\\ / ___'_ __ _ _(_)_ __  __ _ \ \ \ \
( ( )\___ | '_ | '_| | '_ \/ _` | \ \ \ \
 \\/  ___)| |_)| | | | | || (_| |  ) ) ) )
  '  |____| .__|_| |_|_| |_\__, | / / / /
 =========|_|==============|___/=/_/_/_/
 :: Spring Boot ::                (v2.4.1)

2021-12-23 12:01:53.558  INFO 40380 --- [    Test worker] c.j.b.s.web.HelloControllerTest          : Starting HelloControllerTest using Java 11.0.13 on DESKTOP-DAKL37B with PID 40380 (started by rianb in C:\spring\springboot)
2021-12-23 12:01:53.559  INFO 40380 --- [    Test worker] c.j.b.s.web.HelloControllerTest          : No active profile set, falling back to default profiles: default
2021-12-23 12:01:54.089  INFO 40380 --- [    Test worker] o.s.s.concurrent.ThreadPoolTaskExecutor  : Initializing ExecutorService 'applicationTaskExecutor'
2021-12-23 12:01:54.133  INFO 40380 --- [    Test worker] o.s.b.a.w.s.WelcomePageHandlerMapping    : Adding welcome page template: index
2021-12-23 12:01:54.660  INFO 40380 --- [    Test worker] o.s.s.web.DefaultSecurityFilterChain     : Will secure any request with [org.springframework.security.web.context.request.async.WebAsyncManagerIntegrationFilter@63c14ba6, org.springframework.security.web.context.SecurityContextPersistenceFilter@820a833, org.springframework.security.web.header.HeaderWriterFilter@74c6d5b9, org.springframework.security.web.csrf.CsrfFilter@28016caf, org.springframework.security.web.authentication.logout.LogoutFilter@33d05ff9, org.springframework.security.oauth2.client.web.OAuth2AuthorizationRequestRedirectFilter@260d7397, org.springframework.security.oauth2.client.web.OAuth2AuthorizationRequestRedirectFilter@6270a6d5, org.springframework.security.oauth2.client.web.OAuth2LoginAuthenticationFilter@24b0d0b7, org.springframework.security.web.authentication.ui.DefaultLoginPageGeneratingFilter@42e626d1, org.springframework.security.web.authentication.ui.DefaultLogoutPageGeneratingFilter@6b5a1ecb, org.springframework.security.web.savedrequest.RequestCacheAwareFilter@5204686a, org.springframework.security.web.servletapi.SecurityContextHolderAwareRequestFilter@10ad148e, org.springframework.security.web.authentication.AnonymousAuthenticationFilter@7b2117ff, org.springframework.security.oauth2.client.web.OAuth2AuthorizationCodeGrantFilter@44b72319, org.springframework.security.web.session.SessionManagementFilter@52bf8006, org.springframework.security.web.access.ExceptionTranslationFilter@5701afe2, org.springframework.security.web.access.intercept.FilterSecurityInterceptor@2601104b]
2021-12-23 12:01:54.747  INFO 40380 --- [    Test worker] o.s.b.t.m.w.SpringBootMockServletContext : Initializing Spring TestDispatcherServlet ''
2021-12-23 12:01:54.747  INFO 40380 --- [    Test worker] o.s.t.web.servlet.TestDispatcherServlet  : Initializing Servlet ''
2021-12-23 12:01:54.748  INFO 40380 --- [    Test worker] o.s.t.web.servlet.TestDispatcherServlet  : Completed initialization in 1 ms
2021-12-23 12:01:54.764  INFO 40380 --- [    Test worker] c.j.b.s.web.HelloControllerTest          : Started HelloControllerTest in 1.252 seconds (JVM running for 19.598)
]]></system-out>
  <system-err><![CDATA[]]></system-err>
</testsuite>
